This is pdfTeX, Version 3.141592653-2.6-1.40.24 (MiKTeX 22.8) (preloaded format=pdflatex 2022.8.22)  12 SEP 2022 20:27
entering extended mode
 restricted \write18 enabled.
 file:line:error style messages enabled.
 %&-line parsing enabled.
**c:/Users/User/Downloads/mavic-webots/paper/LaTeXTemplates/BibTeX/iopart-num/iopart-num.tex
(c:/Users/User/Downloads/mavic-webots/paper/LaTeXTemplates/BibTeX/iopart-num/iopart-num.tex
LaTeX2e <2022-06-01> patch level 5
L3 programming layer <2022-08-05>

! LaTeX Error: File `iopart.cls' not found.

Type X to quit or <RETURN> to proceed,
or enter new name. (Default extension: cls)

Enter file name: 
c:/Users/User/Downloads/mavic-webots/paper/LaTeXTemplates/BibTeX/iopart-num/iopart-num.tex:2: Emergency stop.
<read *> 
         
l.2 ^^M
       
*** (cannot \read from terminal in nonstop modes)

 
Here is how much of TeX's memory you used:
 26 strings out of 477992
 741 string characters out of 2827938
 299418 words of memory out of 3000000
 18900 multiletter control sequences out of 15000+600000
 469259 words of font info for 28 fonts, out of 8000000 for 9000
 1141 hyphenation exceptions out of 8191
 19i,0n,29p,150b,17s stack positions out of 10000i,1000n,20000p,200000b,80000s
c:/Users/User/Downloads/mavic-webots/paper/LaTeXTemplates/BibTeX/iopart-num/iopart-num.tex:2:  ==> Fatal error occurred, no output PDF file produced!
