This is pdfTeX, Version 3.141592653-2.6-1.40.24 (MiKTeX 22.8) (preloaded format=pdflatex 2022.8.23)  12 SEP 2022 10:41
entering extended mode
 restricted \write18 enabled.
 file:line:error style messages enabled.
 %&-line parsing enabled.
**c:/Users/ardys/Downloads/mavic-webots/paper/LaTeXTemplates/JPCSLaTeXGuidelines.tex
(c:/Users/ardys/Downloads/mavic-webots/paper/LaTeXTemplates/JPCSLaTeXGuidelines.tex
LaTeX2e <2022-06-01> patch level 5
L3 programming layer <2022-08-05> (jpconf.cls
Document Class: jpconf 2007/03/07 v1.1 LaTeX class for Journal of Physics: Conference Series
(jpconf11.clo
File: jpconf11.clo 2005/05/04 v1.0 LaTeX2e file (size option)
)
\indentedwidth=\skip47
\mathindent=\dimen138
\c@oldftnote=\count185
\c@section=\count186
\c@subsection=\count187
\c@subsubsection=\count188
\c@paragraph=\count189
\c@subparagraph=\count190
\c@figure=\count191
\c@table=\count192
\abovecaptionskip=\skip48
\belowcaptionskip=\skip49
\bibindent=\dimen139
\c@eqnval=\count193
) (C:\Users\ardys\AppData\Local\Programs\MiKTeX\tex/latex/graphics\graphicx.sty
Package: graphicx 2021/09/16 v1.2d Enhanced LaTeX Graphics (DPC,SPQR)
 (C:\Users\ardys\AppData\Local\Programs\MiKTeX\tex/latex/graphics\keyval.sty
Package: keyval 2022/05/29 v1.15 key=value parser (DPC)
\KV@toks@=\toks16
) (C:\Users\ardys\AppData\Local\Programs\MiKTeX\tex/latex/graphics\graphics.sty
Package: graphics 2022/03/10 v1.4e Standard LaTeX Graphics (DPC,SPQR)
 (C:\Users\ardys\AppData\Local\Programs\MiKTeX\tex/latex/graphics\trig.sty
Package: trig 2021/08/11 v1.11 sin cos tan (DPC)
) (C:\Users\ardys\AppData\Local\Programs\MiKTeX\tex/latex/graphics-cfg\graphics.cfg
File: graphics.cfg 2016/06/04 v1.11 sample graphics configuration
)
Package graphics Info: Driver file: pdftex.def on input line 107.
 (C:\Users\ardys\AppData\Local\Programs\MiKTeX\tex/latex/graphics-def\pdftex.def
File: pdftex.def 2020/10/05 v1.2a Graphics/color driver for pdftex
))
\Gin@req@height=\dimen140
\Gin@req@width=\dimen141
) (C:\Users\ardys\AppData\Local\Programs\MiKTeX\tex/latex/base\fixltx2e.sty
Package: fixltx2e 2016/12/29 v2.1a fixes to LaTeX (obsolete)
Applying: [2015/01/01] Old fixltx2e package on input line 46.


Package fixltx2e Warning: fixltx2e is not required with releases after 2015
(fixltx2e)                All fixes are now in the LaTeX kernel.
(fixltx2e)                See the latexrelease package for details.

Already applied: [0000/00/00] Old fixltx2e package on input line 53.
) (C:\Users\ardys\AppData\Local\Programs\MiKTeX\tex/latex/l3backend\l3backend-pdftex.def
File: l3backend-pdftex.def 2022-08-05 L3 backend support: PDF output (pdfTeX)
\l__color_backend_stack_int=\count194
\l__pdf_internal_box=\box51
) (JPCSLaTeXGuidelines.aux

LaTeX Warning: Label `label' multiply defined.


LaTeX Warning: Label `label' multiply defined.


LaTeX Warning: Label `label' multiply defined.


LaTeX Warning: Label `label' multiply defined.


LaTeX Warning: Label `opt' multiply defined.


LaTeX Warning: Label `label' multiply defined.


LaTeX Warning: Label `label' multiply defined.


LaTeX Warning: Label `label' multiply defined.


LaTeX Warning: Label `label' multiply defined.


LaTeX Warning: Label `label' multiply defined.


LaTeX Warning: Label `label' multiply defined.

)
\openout1 = `JPCSLaTeXGuidelines.aux'.

LaTeX Font Info:    Checking defaults for OML/cmm/m/it on input line 11.
LaTeX Font Info:    ... okay on input line 11.
LaTeX Font Info:    Checking defaults for OMS/cmsy/m/n on input line 11.
LaTeX Font Info:    ... okay on input line 11.
LaTeX Font Info:    Checking defaults for OT1/cmr/m/n on input line 11.
LaTeX Font Info:    ... okay on input line 11.
LaTeX Font Info:    Checking defaults for T1/cmr/m/n on input line 11.
LaTeX Font Info:    ... okay on input line 11.
LaTeX Font Info:    Checking defaults for TS1/cmr/m/n on input line 11.
LaTeX Font Info:    ... okay on input line 11.
LaTeX Font Info:    Checking defaults for OMX/cmex/m/n on input line 11.
LaTeX Font Info:    ... okay on input line 11.
LaTeX Font Info:    Checking defaults for U/cmr/m/n on input line 11.
LaTeX Font Info:    ... okay on input line 11.
 (C:\Users\ardys\AppData\Local\Programs\MiKTeX\tex/context/base/mkii\supp-pdf.mkii
[Loading MPS to PDF converter (version 2006.09.02).]
\scratchcounter=\count195
\scratchdimen=\dimen142
\scratchbox=\box52
\nofMPsegments=\count196
\nofMParguments=\count197
\everyMPshowfont=\toks17
\MPscratchCnt=\count198
\MPscratchDim=\dimen143
\MPnumerator=\count199
\makeMPintoPDFobject=\count266
\everyMPtoPDFconversion=\toks18
) (C:\Users\ardys\AppData\Local\Programs\MiKTeX\tex/latex/epstopdf-pkg\epstopdf-base.sty
Package: epstopdf-base 2020-01-24 v2.11 Base part for package epstopdf
Package epstopdf-base Info: Redefining graphics rule for `.eps' on input line 485.
 (C:\Users\ardys\AppData\Local\Programs\MiKTeX\tex/latex/00miktex\epstopdf-sys.cfg
File: epstopdf-sys.cfg 2021/03/18 v2.0 Configuration of epstopdf for MiKTeX
))

LaTeX Font Warning: Font shape `OT1/cmr/m/n' in size <18.06749> not available
(Font)              size <17.28> substituted on input line 12.


LaTeX Font Warning: Font shape `OT1/cmr/bx/n' in size <18.06749> not available
(Font)              size <17.28> substituted on input line 12.

LaTeX Font Info:    External font `cmex10' loaded for size
(Font)              <10.95> on input line 14.
LaTeX Font Info:    External font `cmex10' loaded for size
(Font)              <8> on input line 14.
LaTeX Font Info:    External font `cmex10' loaded for size
(Font)              <6> on input line 14.
LaTeX Font Info:    External font `cmex10' loaded for size
(Font)              <9> on input line 16.
LaTeX Font Info:    External font `cmex10' loaded for size
(Font)              <5> on input line 16.
[1

{C:/Users/ardys/AppData/Local/MiKTeX/fonts/map/pdftex/pdftex.map}]
<pics//quadcopter-basic-movement.png, id=15, 938.75719pt x 411.78844pt>
File: pics//quadcopter-basic-movement.png Graphic file (type png)
<use pics//quadcopter-basic-movement.png>
Package pdftex.def Info: pics//quadcopter-basic-movement.png  used on input line 41.
(pdftex.def)             Requested size: 240.0pt x 105.2717pt.
 [2 <./pics//quadcopter-basic-movement.png>]
<pics//ArUco-land.png, id=27, 231.86626pt x 231.86626pt>
File: pics//ArUco-land.png Graphic file (type png)
<use pics//ArUco-land.png>
Package pdftex.def Info: pics//ArUco-land.png  used on input line 92.
(pdftex.def)             Requested size: 72.0pt x 72.00162pt.
 [3 <./pics//ArUco-land.png>]
<pics//camera-capture-ArUco.png, id=32, 429.10312pt x 574.39594pt>
File: pics//camera-capture-ArUco.png Graphic file (type png)
<use pics//camera-capture-ArUco.png>
Package pdftex.def Info: pics//camera-capture-ArUco.png  used on input line 101.
(pdftex.def)             Requested size: 120.0pt x 160.62817pt.
<pics//block-diagram-controller.png, id=33, 860.21375pt x 397.485pt>
File: pics//block-diagram-controller.png Graphic file (type png)
<use pics//block-diagram-controller.png>
Package pdftex.def Info: pics//block-diagram-controller.png  used on input line 111.
(pdftex.def)             Requested size: 360.0pt x 166.34818pt.
 [4 <./pics//camera-capture-ArUco.png> <./pics//block-diagram-controller.png>]
<pics//flowchart-proposed-algorithm.png, id=39, 522.95375pt x 502.87875pt>
File: pics//flowchart-proposed-algorithm.png Graphic file (type png)
<use pics//flowchart-proposed-algorithm.png>
Package pdftex.def Info: pics//flowchart-proposed-algorithm.png  used on input line 125.
(pdftex.def)             Requested size: 240.0pt x 230.7899pt.
 [5 <./pics//flowchart-proposed-algorithm.png>]
<pics//webots-dji-mavic-2pro.png, id=44, 1028.34187pt x 541.27219pt>
File: pics//webots-dji-mavic-2pro.png Graphic file (type png)
<use pics//webots-dji-mavic-2pro.png>
Package pdftex.def Info: pics//webots-dji-mavic-2pro.png  used on input line 152.
(pdftex.def)             Requested size: 432.0pt x 227.39058pt.
 [6 <./pics//webots-dji-mavic-2pro.png>]
<pics//marker-detection-testing-edit.png, id=49, 474.27188pt x 349.305pt>
File: pics//marker-detection-testing-edit.png Graphic file (type png)
<use pics//marker-detection-testing-edit.png>
Package pdftex.def Info: pics//marker-detection-testing-edit.png  used on input line 164.
(pdftex.def)             Requested size: 240.0pt x 176.76273pt.
<pics//ArUco-at-2m.png, id=50, 300.3722pt x 179.92218pt>
File: pics//ArUco-at-2m.png Graphic file (type png)
<use pics//ArUco-at-2m.png>
Package pdftex.def Info: pics//ArUco-at-2m.png  used on input line 171.
(pdftex.def)             Requested size: 192.0pt x 115.00978pt.

Overfull \hbox (12.0pt too wide) in paragraph at lines 171--172
[][] 
 []

<pics//ArUco-at-29m.png, id=51, 301.8778pt x 179.16937pt>
File: pics//ArUco-at-29m.png Graphic file (type png)
<use pics//ArUco-at-29m.png>
Package pdftex.def Info: pics//ArUco-at-29m.png  used on input line 175.
(pdftex.def)             Requested size: 192.0pt x 113.95445pt.

Overfull \hbox (12.0pt too wide) in paragraph at lines 175--176
[][] 
 []

<pics//graph-response-position-edited.png, id=52, 571.809pt x 378.651pt>
File: pics//graph-response-position-edited.png Graphic file (type png)
<use pics//graph-response-position-edited.png>
Package pdftex.def Info: pics//graph-response-position-edited.png  used on input line 185.
(pdftex.def)             Requested size: 360.0pt x 238.40117pt.

LaTeX Warning: `h' float specifier changed to `ht'.

<pics//process-of-landing.png, id=53, 497.568pt x 385.659pt>
File: pics//process-of-landing.png Graphic file (type png)
<use pics//process-of-landing.png>
Package pdftex.def Info: pics//process-of-landing.png  used on input line 191.
(pdftex.def)             Requested size: 456.0pt x 353.43945pt.

Overfull \hbox (0.75592pt too wide) in paragraph at lines 191--192
 [][] 
 []


LaTeX Warning: `h' float specifier changed to `ht'.

[7 <./pics//marker-detection-testing-edit.png> <./pics//ArUco-at-2m.png> <./pics//ArUco-at-29m.png>] [8 <./pics//graph-response-position-edited.png>] [9 <./pics//process-of-landing.png>] [10] (JPCSLaTeXGuidelines.aux)

LaTeX Font Warning: Size substitutions with differences
(Font)              up to 0.78749pt have occurred.


LaTeX Warning: There were multiply-defined labels.

 ) 
Here is how much of TeX's memory you used:
 1626 strings out of 477992
 27330 string characters out of 2827466
 335015 words of memory out of 3000000
 20414 multiletter control sequences out of 15000+600000
 475600 words of font info for 49 fonts, out of 8000000 for 9000
 1141 hyphenation exceptions out of 8191
 55i,8n,62p,1414b,360s stack positions out of 10000i,1000n,20000p,200000b,80000s
<C:/Users/ardys/AppData/Local/Programs/MiKTeX/fonts/type1/public/amsfonts/cm/cmbx10.pfb><C:/Users/ardys/AppData/Local/Programs/MiKTeX/fonts/type1/public/amsfonts/cm/cmbx12.pfb><C:/Users/ardys/AppData/Local/Programs/MiKTeX/fonts/type1/public/amsfonts/cm/cmbx8.pfb><C:/Users/ardys/AppData/Local/Programs/MiKTeX/fonts/type1/public/amsfonts/cm/cmbx9.pfb><C:/Users/ardys/AppData/Local/Programs/MiKTeX/fonts/type1/public/amsfonts/cm/cmcsc10.pfb><C:/Users/ardys/AppData/Local/Programs/MiKTeX/fonts/type1/public/amsfonts/cm/cmex10.pfb><C:/Users/ardys/AppData/Local/Programs/MiKTeX/fonts/type1/public/amsfonts/cm/cmmi10.pfb><C:/Users/ardys/AppData/Local/Programs/MiKTeX/fonts/type1/public/amsfonts/cm/cmmi8.pfb><C:/Users/ardys/AppData/Local/Programs/MiKTeX/fonts/type1/public/amsfonts/cm/cmmi9.pfb><C:/Users/ardys/AppData/Local/Programs/MiKTeX/fonts/type1/public/amsfonts/cm/cmr10.pfb><C:/Users/ardys/AppData/Local/Programs/MiKTeX/fonts/type1/public/amsfonts/cm/cmr6.pfb><C:/Users/ardys/AppData/Local/Programs/MiKTeX/fonts/type1/public/amsfonts/cm/cmr8.pfb><C:/Users/ardys/AppData/Local/Programs/MiKTeX/fonts/type1/public/amsfonts/cm/cmr9.pfb><C:/Users/ardys/AppData/Local/Programs/MiKTeX/fonts/type1/public/amsfonts/cm/cmsy10.pfb><C:/Users/ardys/AppData/Local/Programs/MiKTeX/fonts/type1/public/amsfonts/cm/cmti10.pfb><C:/Users/ardys/AppData/Local/Programs/MiKTeX/fonts/type1/public/amsfonts/cm/cmti9.pfb><C:/Users/ardys/AppData/Local/Programs/MiKTeX/fonts/type1/public/amsfonts/cm/cmtt9.pfb>
Output written on JPCSLaTeXGuidelines.pdf (10 pages, 9601002 bytes).
PDF statistics:
 143 PDF objects out of 1000 (max. 8388607)
 0 named destinations out of 1000 (max. 500000)
 56 words of extra memory for PDF output out of 10000 (max. 10000000)

